-------------------------------------------
Batch: 0
-------------------------------------------
+--------------------+-----+
|            customer|score|
+--------------------+-----+
|Frank.Smith@test.com|-16.0|
|John.Howard@test.com| 10.5|
|Eric.Sanchez@test...|  6.5|
|  Lyn.Mitra@test.com|  8.5|
|Neeraj.Hansen@tes...| -3.0|
|Jacob.Abram@test.com| -3.0|
|Frank.Jones@test.com| -2.5|
|Jacob.Jefferson@t...| -1.0|
|Larry.Clayton@tes...| -2.0|
|Sarah.Anandh@test...| -2.0|
|Larry.Howard@test...| -4.0|
|Ashley.Habschied@...| -3.0|
|Angie.Howard@test...| -3.5|
|Edward.Huey@test.com| -2.5|
|  Travis.Wu@test.com| -4.5|
|Spencer.Abram@tes...|  3.5|
|Frank.Howard@test...|-22.0|
|Travis.Spencer@te...| -7.5|
|Angie.Staples@tes...|-11.0|
| Dan.Howard@test.com| -2.5|
+--------------------+-----+
only showing top 20 rows

-------------------------------------------
Batch: 1
-------------------------------------------
+--------------------+-----+
|            customer|score|
+--------------------+-----+
|John.Howard@test.com|  2.5|
|Eric.Sanchez@test...|  2.0|
|  Lyn.Mitra@test.com| 16.5|
|Neeraj.Hansen@tes...| -3.5|
|Jacob.Abram@test.com| -4.5|
|Frank.Jones@test.com| -2.0|
|Jacob.Jefferson@t...| -2.0|
+--------------------+-----+

-------------------------------------------
Batch: 2
-------------------------------------------
+--------------------+-----+
|            customer|score|
+--------------------+-----+
|Larry.Clayton@tes...| -3.5|
+--------------------+-----+

-------------------------------------------
Batch: 3
-------------------------------------------
+--------------------+-----+
|            customer|score|
+--------------------+-----+
|Sarah.Anandh@test...| -2.5|
+--------------------+-----+

-------------------------------------------
Batch: 4
-------------------------------------------
+--------------------+-----+
|            customer|score|
+--------------------+-----+
|Larry.Howard@test...| -3.5|
+--------------------+-----+

-------------------------------------------
Batch: 5
-------------------------------------------
+--------------------+-----+
|            customer|score|
+--------------------+-----+
|Ashley.Habschied@...| -4.5|
+--------------------+-----+

-------------------------------------------
Batch: 6
-------------------------------------------
+--------------------+-----+
|            customer|score|
+--------------------+-----+
|Angie.Howard@test...| -2.5|
+--------------------+-----+

-------------------------------------------
Batch: 7
-------------------------------------------
+--------------------+-----+
|            customer|score|
+--------------------+-----+
|Edward.Huey@test.com| -5.5|
+--------------------+-----+

-------------------------------------------
Batch: 8
-------------------------------------------
+------------------+-----+
|          customer|score|
+------------------+-----+
|Travis.Wu@test.com| -3.0|
+------------------+-----+

-------------------------------------------
Batch: 9
-------------------------------------------
+--------------------+-----+
|            customer|score|
+--------------------+-----+
|Spencer.Abram@tes...| 11.0|
+--------------------+-----+

-------------------------------------------
Batch: 10
-------------------------------------------
+--------------------+-----+
|            customer|score|
+--------------------+-----+
|Frank.Howard@test...| -3.0|
+--------------------+-----+

-------------------------------------------
Batch: 11
-------------------------------------------
+--------------------+-----+
|            customer|score|
+--------------------+-----+
|Travis.Spencer@te...| 17.5|
+--------------------+-----+

-------------------------------------------
Batch: 12
-------------------------------------------
+--------------------+-----+
|            customer|score|
+--------------------+-----+
|Angie.Staples@tes...|-16.0|
+--------------------+-----+

-------------------------------------------
Batch: 13
-------------------------------------------
+-------------------+-----+
|           customer|score|
+-------------------+-----+
|Dan.Howard@test.com| 20.0|
+-------------------+-----+

-------------------------------------------
Batch: 14
-------------------------------------------
+--------------------+-----+
|            customer|score|
+--------------------+-----+
|Neeraj.Clark@test...|-15.5|
+--------------------+-----+

-------------------------------------------
Batch: 15
-------------------------------------------
+------------------+-----+
|          customer|score|
+------------------+-----+
|Ben.Clark@test.com| 15.5|
+------------------+-----+

-------------------------------------------
Batch: 16
-------------------------------------------
+--------------------+-----+
|            customer|score|
+--------------------+-----+
|Edward.Gonzalez@t...| 11.5|
+--------------------+-----+

-------------------------------------------
Batch: 17
-------------------------------------------
+--------------------+-----+
|            customer|score|
+--------------------+-----+
|Danny.Spencer@tes...|-13.0|
+--------------------+-----+

-------------------------------------------
Batch: 18
-------------------------------------------
+--------------------+-----+
|            customer|score|
+--------------------+-----+
|Neeraj.Howard@tes...|-10.0|
+--------------------+-----+

-------------------------------------------
Batch: 19
-------------------------------------------
+--------------------+-----+
|            customer|score|
+--------------------+-----+
|Lyn.Aristotle@tes...| 18.0|
+--------------------+-----+

-------------------------------------------
Batch: 20
-------------------------------------------
+--------------------+-----+
|            customer|score|
+--------------------+-----+
|Chris.Jefferson@t...|-30.0|
+--------------------+-----+

-------------------------------------------
Batch: 21
-------------------------------------------
+--------------------+-----+
|            customer|score|
+--------------------+-----+
|Frank.Smith@test.com| -5.5|
+--------------------+-----+

-------------------------------------------
Batch: 22
-------------------------------------------
+--------------------+-----+
|            customer|score|
+--------------------+-----+
|John.Howard@test.com|-29.5|
+--------------------+-----+

-------------------------------------------
Batch: 23
-------------------------------------------
+--------------------+-----+
|            customer|score|
+--------------------+-----+
|Eric.Sanchez@test...|  3.5|
+--------------------+-----+

-------------------------------------------
Batch: 24
-------------------------------------------
+------------------+-----+
|          customer|score|
+------------------+-----+
|Lyn.Mitra@test.com| -9.0|
+------------------+-----+

-------------------------------------------
Batch: 25
-------------------------------------------
+--------------------+-----+
|            customer|score|
+--------------------+-----+
|Neeraj.Hansen@tes...| -4.0|
+--------------------+-----+

-------------------------------------------
Batch: 26
-------------------------------------------
+--------------------+-----+
|            customer|score|
+--------------------+-----+
|Jacob.Abram@test.com| -3.0|
+--------------------+-----+

-------------------------------------------
Batch: 27
-------------------------------------------
+--------------------+-----+
|            customer|score|
+--------------------+-----+
|Frank.Jones@test.com| -2.0|
+--------------------+-----+

-------------------------------------------
Batch: 28
-------------------------------------------
+--------------------+-----+
|            customer|score|
+--------------------+-----+
|Jacob.Jefferson@t...| -3.5|
+--------------------+-----+

-------------------------------------------
Batch: 29
-------------------------------------------
+--------------------+-----+
|            customer|score|
+--------------------+-----+
|Larry.Clayton@tes...| -3.0|
+--------------------+-----+

-------------------------------------------
Batch: 30
-------------------------------------------
+--------------------+-----+
|            customer|score|
+--------------------+-----+
|Sarah.Anandh@test...| -3.0|
+--------------------+-----+

-------------------------------------------
Batch: 31
-------------------------------------------
+--------------------+-----+
|            customer|score|
+--------------------+-----+
|Larry.Howard@test...| -3.5|
+--------------------+-----+

-------------------------------------------
Batch: 32
-------------------------------------------
+--------------------+-----+
|            customer|score|
+--------------------+-----+
|Ashley.Habschied@...| -4.5|
+--------------------+-----+

-------------------------------------------
Batch: 33
-------------------------------------------
+--------------------+-----+
|            customer|score|
+--------------------+-----+
|Angie.Howard@test...| -2.0|
+--------------------+-----+

-------------------------------------------
Batch: 34
-------------------------------------------
+--------------------+-----+
|            customer|score|
+--------------------+-----+
|Edward.Huey@test.com| -6.0|
+--------------------+-----+

-------------------------------------------
Batch: 35
-------------------------------------------
+------------------+-----+
|          customer|score|
+------------------+-----+
|Travis.Wu@test.com| -4.0|
+------------------+-----+

-------------------------------------------
Batch: 36
-------------------------------------------
+--------------------+-----+
|            customer|score|
+--------------------+-----+
|Spencer.Abram@tes...|  1.0|
+--------------------+-----+

-------------------------------------------
Batch: 37
-------------------------------------------
+--------------------+-----+
|            customer|score|
+--------------------+-----+
|Frank.Howard@test...|-11.5|
+--------------------+-----+

-------------------------------------------
Batch: 38
-------------------------------------------
+--------------------+-----+
|            customer|score|
+--------------------+-----+
|Travis.Spencer@te...| -5.0|
+--------------------+-----+

-------------------------------------------
Batch: 39
-------------------------------------------
+--------------------+-----+
|            customer|score|
+--------------------+-----+
|Angie.Staples@tes...|  7.5|
+--------------------+-----+

-------------------------------------------
Batch: 40
-------------------------------------------
+-------------------+-----+
|           customer|score|
+-------------------+-----+
|Dan.Howard@test.com|  5.0|
+-------------------+-----+

-------------------------------------------
Batch: 41
-------------------------------------------
+--------------------+-----+
|            customer|score|
+--------------------+-----+
|Neeraj.Clark@test...| -3.0|
+--------------------+-----+

-------------------------------------------
Batch: 42
-------------------------------------------
+------------------+-----+
|          customer|score|
+------------------+-----+
|Ben.Clark@test.com| 18.5|
+------------------+-----+

-------------------------------------------
Batch: 43
-------------------------------------------
+--------------------+-----+
|            customer|score|
+--------------------+-----+
|Edward.Gonzalez@t...|-10.0|
+--------------------+-----+

-------------------------------------------
Batch: 44
-------------------------------------------
+--------------------+-----+
|            customer|score|
+--------------------+-----+
|Danny.Spencer@tes...|  2.0|
+--------------------+-----+

-------------------------------------------
Batch: 45
-------------------------------------------
+--------------------+-----+
|            customer|score|
+--------------------+-----+
|Neeraj.Howard@tes...| 15.0|
+--------------------+-----+

-------------------------------------------
Batch: 46
-------------------------------------------
+--------------------+-----+
|            customer|score|
+--------------------+-----+
|Lyn.Aristotle@tes...| 17.0|
+--------------------+-----+

-------------------------------------------
Batch: 47
-------------------------------------------
+--------------------+-----+
|            customer|score|
+--------------------+-----+
|Chris.Jefferson@t...|-11.0|
+--------------------+-----+

-------------------------------------------
Batch: 48
-------------------------------------------
+--------------------+-----+
|            customer|score|
+--------------------+-----+
|Sarah.Abram@test.com|-24.0|
+--------------------+-----+

-------------------------------------------
Batch: 49
-------------------------------------------
+------------------+-----+
|          customer|score|
+------------------+-----+
|Lyn.Jones@test.com| 30.5|
+------------------+-----+

-------------------------------------------
Batch: 50
-------------------------------------------
+--------------------+-----+
|            customer|score|
+--------------------+-----+
|Ashley.Anandh@tes...| 13.5|
+--------------------+-----+

-------------------------------------------
Batch: 51
-------------------------------------------
+--------------------+-----+
|            customer|score|
+--------------------+-----+
|Ashley.Anderson@t...| -2.5|
+--------------------+-----+

-------------------------------------------
Batch: 52
-------------------------------------------
+--------------------+-----+
|            customer|score|
+--------------------+-----+
|Senthil.Gonzalez@...| -2.0|
+--------------------+-----+

-------------------------------------------
Batch: 53
-------------------------------------------
+--------------------+-----+
|            customer|score|
+--------------------+-----+
|Jacob.Davis@test.com| -1.0|
+--------------------+-----+

-------------------------------------------
Batch: 54
-------------------------------------------
+--------------------+-----+
|            customer|score|
+--------------------+-----+
|Jason.Aristotle@t...| -2.5|
+--------------------+-----+

-------------------------------------------
Batch: 55
-------------------------------------------
+--------------------+-----+
|            customer|score|
+--------------------+-----+
|Jacob.Mitra@test.com| -3.5|
+--------------------+-----+

-------------------------------------------
Batch: 56
-------------------------------------------
+--------------------+-----+
|            customer|score|
+--------------------+-----+
|Angie.Phillips@te...| -4.0|
+--------------------+-----+

-------------------------------------------
Batch: 57
-------------------------------------------
+-------------------+-----+
|           customer|score|
+-------------------+-----+
|Gail.Olson@test.com| -0.5|
+-------------------+-----+

-------------------------------------------
Batch: 58
-------------------------------------------
+--------------------+-----+
|            customer|score|
+--------------------+-----+
|Sarah.Phillips@te...| -3.5|
+--------------------+-----+

-------------------------------------------
Batch: 59
-------------------------------------------
+------------------+-----+
|          customer|score|
+------------------+-----+
|Neeraj.Wu@test.com| -2.0|
+------------------+-----+

-------------------------------------------
Batch: 60
-------------------------------------------
+--------------------+-----+
|            customer|score|
+--------------------+-----+
|Bobby.Spencer@tes...| -3.0|
+--------------------+-----+

-------------------------------------------
Batch: 61
-------------------------------------------
+--------------------+-----+
|            customer|score|
+--------------------+-----+
|Jason.Anandh@test...|-15.0|
+--------------------+-----+

-------------------------------------------
Batch: 62
-------------------------------------------
+------------------+-----+
|          customer|score|
+------------------+-----+
|Sean.Huey@test.com|  3.5|
+------------------+-----+

-------------------------------------------
Batch: 63
-------------------------------------------
+--------------------+-----+
|            customer|score|
+--------------------+-----+
|Sean.Howard@test.com|-12.0|
+--------------------+-----+

-------------------------------------------
Batch: 64
-------------------------------------------
+--------------------+-----+
|            customer|score|
+--------------------+-----+
|Neeraj.Aristotle@...|-25.5|
+--------------------+-----+

-------------------------------------------
Batch: 65
-------------------------------------------
+--------------------+-----+
|            customer|score|
+--------------------+-----+
|Senthil.Aristotle...| 29.0|
+--------------------+-----+

-------------------------------------------
Batch: 66
-------------------------------------------
+-------------------+-----+
|           customer|score|
+-------------------+-----+
|Gail.Smith@test.com|-28.0|
+-------------------+-----+

-------------------------------------------
Batch: 67
-------------------------------------------
+--------------------+-----+
|            customer|score|
+--------------------+-----+
|Ben.Clayton@test.com| -3.5|
+--------------------+-----+

-------------------------------------------
Batch: 68
-------------------------------------------
+--------------------+-----+
|            customer|score|
+--------------------+-----+
|Jerry.Khatib@test...| 13.0|
+--------------------+-----+

-------------------------------------------
Batch: 69
-------------------------------------------
+--------------------+-----+
|            customer|score|
+--------------------+-----+
|Santosh.Jones@tes...| 14.5|
+--------------------+-----+

-------------------------------------------
Batch: 70
-------------------------------------------
+--------------------+-----+
|            customer|score|
+--------------------+-----+
|Sarah.Abram@test.com|-16.0|
+--------------------+-----+

-------------------------------------------
Batch: 71
-------------------------------------------
+------------------+-----+
|          customer|score|
+------------------+-----+
|Lyn.Jones@test.com|-15.0|
+------------------+-----+

-------------------------------------------
Batch: 72
-------------------------------------------
+--------------------+-----+
|            customer|score|
+--------------------+-----+
|Ashley.Anandh@tes...|  3.5|
+--------------------+-----+

-------------------------------------------
Batch: 73
-------------------------------------------
+--------------------+-----+
|            customer|score|
+--------------------+-----+
|Ashley.Anderson@t...| -1.5|
+--------------------+-----+

-------------------------------------------
Batch: 74
-------------------------------------------
+--------------------+-----+
|            customer|score|
+--------------------+-----+
|Senthil.Gonzalez@...| -1.5|
+--------------------+-----+

-------------------------------------------
Batch: 75
-------------------------------------------
+--------------------+-----+
|            customer|score|
+--------------------+-----+
|Jacob.Davis@test.com| -0.5|
+--------------------+-----+

-------------------------------------------
Batch: 76
-------------------------------------------
+--------------------+-----+
|            customer|score|
+--------------------+-----+
|Jason.Aristotle@t...| -3.5|
+--------------------+-----+

-------------------------------------------
Batch: 77
-------------------------------------------
+--------------------+-----+
|            customer|score|
+--------------------+-----+
|Jacob.Mitra@test.com| -3.5|
+--------------------+-----+

-------------------------------------------
Batch: 78
-------------------------------------------
+--------------------+-----+
|            customer|score|
+--------------------+-----+
|Angie.Phillips@te...| -4.5|
+--------------------+-----+

-------------------------------------------
Batch: 79
-------------------------------------------
+-------------------+-----+
|           customer|score|
+-------------------+-----+
|Gail.Olson@test.com| -0.5|
+-------------------+-----+

-------------------------------------------
Batch: 80
-------------------------------------------
+--------------------+-----+
|            customer|score|
+--------------------+-----+
|Sarah.Phillips@te...| -5.0|
+--------------------+-----+

-------------------------------------------
Batch: 81
-------------------------------------------
+------------------+-----+
|          customer|score|
+------------------+-----+
|Neeraj.Wu@test.com| -2.0|
+------------------+-----+

-------------------------------------------
Batch: 82
-------------------------------------------
+--------------------+-----+
|            customer|score|
+--------------------+-----+
|Bobby.Spencer@tes...|-24.5|
+--------------------+-----+

-------------------------------------------
Batch: 83
-------------------------------------------
+--------------------+-----+
|            customer|score|
+--------------------+-----+
|Jason.Anandh@test...| 13.0|
+--------------------+-----+

-------------------------------------------
Batch: 84
-------------------------------------------
+------------------+-----+
|          customer|score|
+------------------+-----+
|Sean.Huey@test.com| -8.0|
+------------------+-----+

-------------------------------------------
Batch: 85
-------------------------------------------
+--------------------+-----+
|            customer|score|
+--------------------+-----+
|Sean.Howard@test.com|-19.0|
+--------------------+-----+

-------------------------------------------
Batch: 86
-------------------------------------------
+--------------------+-----+
|            customer|score|
+--------------------+-----+
|Neeraj.Aristotle@...|  4.0|
+--------------------+-----+

-------------------------------------------
Batch: 87
-------------------------------------------
+--------------------+-----+
|            customer|score|
+--------------------+-----+
|Senthil.Aristotle...| -3.5|
+--------------------+-----+

-------------------------------------------
Batch: 88
-------------------------------------------
+-------------------+-----+
|           customer|score|
+-------------------+-----+
|Gail.Smith@test.com|  2.5|
+-------------------+-----+

-------------------------------------------
Batch: 89
-------------------------------------------
+--------------------+-----+
|            customer|score|
+--------------------+-----+
|Ben.Clayton@test.com|  7.5|
+--------------------+-----+

-------------------------------------------
Batch: 90
-------------------------------------------
+--------------------+-----+
|            customer|score|
+--------------------+-----+
|Jerry.Khatib@test...|  3.0|
+--------------------+-----+

-------------------------------------------
Batch: 91
-------------------------------------------
+--------------------+-----+
|            customer|score|
+--------------------+-----+
|Santosh.Jones@tes...| 23.0|
+--------------------+-----+

-------------------------------------------
Batch: 92
-------------------------------------------
+--------------------+-----+
|            customer|score|
+--------------------+-----+
|Sarah.Abram@test.com| -3.0|
+--------------------+-----+

-------------------------------------------
Batch: 93
-------------------------------------------
+------------------+-----+
|          customer|score|
+------------------+-----+
|Lyn.Jones@test.com|-29.0|
+------------------+-----+

-------------------------------------------
Batch: 94
-------------------------------------------
+--------------------+-----+
|            customer|score|
+--------------------+-----+
|Ashley.Anandh@tes...| 10.5|
+--------------------+-----+

-------------------------------------------
Batch: 95
-------------------------------------------
+--------------------+-----+
|            customer|score|
+--------------------+-----+
|Ashley.Anderson@t...| -3.5|
+--------------------+-----+

-------------------------------------------
Batch: 96
-------------------------------------------
+--------------------+-----+
|            customer|score|
+--------------------+-----+
|Senthil.Gonzalez@...| -2.0|
+--------------------+-----+

-------------------------------------------
Batch: 97
-------------------------------------------
+--------------------+-----+
|            customer|score|
+--------------------+-----+
|Jacob.Davis@test.com| -1.5|
+--------------------+-----+

-------------------------------------------
Batch: 98
-------------------------------------------
+--------------------+-----+
|            customer|score|
+--------------------+-----+
|Jason.Aristotle@t...| -4.0|
+--------------------+-----+

-------------------------------------------
Batch: 99
-------------------------------------------
+--------------------+-----+
|            customer|score|
+--------------------+-----+
|Jacob.Mitra@test.com| -3.0|
+--------------------+-----+

-------------------------------------------
Batch: 100
-------------------------------------------
+--------------------+-----+
|            customer|score|
+--------------------+-----+
|Angie.Phillips@te...| -4.5|
+--------------------+-----+

-------------------------------------------
Batch: 101
-------------------------------------------
+-------------------+-----+
|           customer|score|
+-------------------+-----+
|Gail.Olson@test.com| -1.5|
+-------------------+-----+

-------------------------------------------
Batch: 102
-------------------------------------------
+--------------------+-----+
|            customer|score|
+--------------------+-----+
|Sarah.Phillips@te...| -5.5|
+--------------------+-----+

-------------------------------------------
Batch: 103
-------------------------------------------
+------------------+-----+
|          customer|score|
+------------------+-----+
|Neeraj.Wu@test.com| -2.0|
+------------------+-----+

-------------------------------------------
Batch: 104
-------------------------------------------
+--------------------+-----+
|            customer|score|
+--------------------+-----+
|Bobby.Spencer@tes...|-19.0|
+--------------------+-----+

-------------------------------------------
Batch: 105
-------------------------------------------
+--------------------+-----+
|            customer|score|
+--------------------+-----+
|Jason.Anandh@test...| 22.0|
+--------------------+-----+

-------------------------------------------
Batch: 106
-------------------------------------------
+------------------+-----+
|          customer|score|
+------------------+-----+
|Sean.Huey@test.com| -5.5|
+------------------+-----+

-------------------------------------------
Batch: 107
-------------------------------------------
+--------------------+-----+
|            customer|score|
+--------------------+-----+
|Sean.Howard@test.com|-13.5|
+--------------------+-----+

-------------------------------------------
Batch: 108
-------------------------------------------
+--------------------+-----+
|            customer|score|
+--------------------+-----+
|Neeraj.Aristotle@...| 16.5|
+--------------------+-----+

-------------------------------------------
Batch: 109
-------------------------------------------
+--------------------+-----+
|            customer|score|
+--------------------+-----+
|Senthil.Aristotle...|-30.5|
+--------------------+-----+

-------------------------------------------
Batch: 110
-------------------------------------------
+-------------------+-----+
|           customer|score|
+-------------------+-----+
|Gail.Smith@test.com| 31.0|
+-------------------+-----+

-------------------------------------------
Batch: 111
-------------------------------------------
+--------------------+-----+
|            customer|score|
+--------------------+-----+
|Ben.Clayton@test.com| -1.0|
+--------------------+-----+

-------------------------------------------
Batch: 112
-------------------------------------------
+--------------------+-----+
|            customer|score|
+--------------------+-----+
|Jerry.Khatib@test...|-12.5|
+--------------------+-----+

-------------------------------------------
Batch: 113
-------------------------------------------
+--------------------+-----+
|            customer|score|
+--------------------+-----+
|Santosh.Jones@tes...| 21.5|
+--------------------+-----+

-------------------------------------------
Batch: 114
-------------------------------------------
+--------------------+-----+
|            customer|score|
+--------------------+-----+
|Sarah.Abram@test.com|  7.5|
+--------------------+-----+

-------------------------------------------
Batch: 115
-------------------------------------------
+------------------+-----+
|          customer|score|
+------------------+-----+
|Lyn.Jones@test.com| 16.5|
+------------------+-----+

-------------------------------------------
Batch: 116
-------------------------------------------
+--------------------+-----+
|            customer|score|
+--------------------+-----+
|Ashley.Anandh@tes...|  6.0|
+--------------------+-----+

-------------------------------------------
Batch: 117
-------------------------------------------
+--------------------+-----+
|            customer|score|
+--------------------+-----+
|Ashley.Anderson@t...| -4.5|
+--------------------+-----+

-------------------------------------------
Batch: 118
-------------------------------------------
+--------------------+-----+
|            customer|score|
+--------------------+-----+
|Senthil.Gonzalez@...| -4.5|
+--------------------+-----+

-------------------------------------------
Batch: 119
-------------------------------------------
+--------------------+-----+
|            customer|score|
+--------------------+-----+
|Jacob.Davis@test.com| -3.5|
+--------------------+-----+

-------------------------------------------
Batch: 120
-------------------------------------------
+--------------------+-----+
|            customer|score|
+--------------------+-----+
|Jason.Aristotle@t...| -4.0|
+--------------------+-----+

-------------------------------------------
Batch: 121
-------------------------------------------
+--------------------+-----+
|            customer|score|
+--------------------+-----+
|Jacob.Mitra@test.com| -2.5|
+--------------------+-----+

-------------------------------------------
Batch: 122
-------------------------------------------
+--------------------+-----+
|            customer|score|
+--------------------+-----+
|Angie.Phillips@te...| -2.5|
+--------------------+-----+

-------------------------------------------
Batch: 123
-------------------------------------------
+-------------------+-----+
|           customer|score|
+-------------------+-----+
|Gail.Olson@test.com| -2.5|
+-------------------+-----+

-------------------------------------------
Batch: 124
-------------------------------------------
+--------------------+-----+
|            customer|score|
+--------------------+-----+
|Sarah.Phillips@te...| -4.5|
+--------------------+-----+

-------------------------------------------
Batch: 125
-------------------------------------------
+------------------+-----+
|          customer|score|
+------------------+-----+
|Neeraj.Wu@test.com| -2.5|
+------------------+-----+

-------------------------------------------
Batch: 126
-------------------------------------------
+--------------------+-----+
|            customer|score|
+--------------------+-----+
|Bobby.Spencer@tes...| 15.0|
+--------------------+-----+

-------------------------------------------
Batch: 127
-------------------------------------------
+--------------------+-----+
|            customer|score|
+--------------------+-----+
|Jason.Anandh@test...|-22.5|
+--------------------+-----+

-------------------------------------------
Batch: 128
-------------------------------------------
+------------------+-----+
|          customer|score|
+------------------+-----+
|Sean.Huey@test.com|  7.0|
+------------------+-----+

-------------------------------------------
Batch: 129
-------------------------------------------
+--------------------+-----+
|            customer|score|
+--------------------+-----+
|Sean.Howard@test.com|  7.0|
+--------------------+-----+

-------------------------------------------
Batch: 130
-------------------------------------------
+--------------------+-----+
|            customer|score|
+--------------------+-----+
|Neeraj.Aristotle@...|  3.0|
+--------------------+-----+

-------------------------------------------
Batch: 131
-------------------------------------------
+--------------------+-----+
|            customer|score|
+--------------------+-----+
|Senthil.Aristotle...|-12.5|
+--------------------+-----+

-------------------------------------------
Batch: 132
-------------------------------------------
+-------------------+-----+
|           customer|score|
+-------------------+-----+
|Gail.Smith@test.com|  5.0|
+-------------------+-----+

-------------------------------------------
Batch: 133
-------------------------------------------
+--------------------+-----+
|            customer|score|
+--------------------+-----+
|Ben.Clayton@test.com|-17.0|
+--------------------+-----+

-------------------------------------------
Batch: 134
-------------------------------------------
+--------------------+-----+
|            customer|score|
+--------------------+-----+
|Jerry.Khatib@test...|-21.0|
+--------------------+-----+

-------------------------------------------
Batch: 135
-------------------------------------------
+--------------------+-----+
|            customer|score|
+--------------------+-----+
|Santosh.Jones@tes...|  5.0|
+--------------------+-----+

-------------------------------------------
Batch: 136
-------------------------------------------
+--------------------+-----+
|            customer|score|
+--------------------+-----+
|Sarah.Abram@test.com| 18.0|
+--------------------+-----+

-------------------------------------------
Batch: 137
-------------------------------------------
+------------------+-----+
|          customer|score|
+------------------+-----+
|Lyn.Jones@test.com| 24.0|
+------------------+-----+

-------------------------------------------
Batch: 138
-------------------------------------------
+--------------------+-----+
|            customer|score|
+--------------------+-----+
|Ashley.Anandh@tes...|-31.5|
+--------------------+-----+

-------------------------------------------
Batch: 139
-------------------------------------------
+--------------------+-----+
|            customer|score|
+--------------------+-----+
|Ashley.Anderson@t...| -2.5|
+--------------------+-----+

-------------------------------------------
Batch: 140
-------------------------------------------
+--------------------+-----+
|            customer|score|
+--------------------+-----+
|Senthil.Gonzalez@...| -4.5|
+--------------------+-----+

-------------------------------------------
Batch: 141
-------------------------------------------
+--------------------+-----+
|            customer|score|
+--------------------+-----+
|Jacob.Davis@test.com| -2.5|
+--------------------+-----+

-------------------------------------------
Batch: 142
-------------------------------------------
+--------------------+-----+
|            customer|score|
+--------------------+-----+
|Jason.Aristotle@t...| -3.0|
+--------------------+-----+

-------------------------------------------
Batch: 143
-------------------------------------------
+--------------------+-----+
|            customer|score|
+--------------------+-----+
|Jacob.Mitra@test.com| -4.5|
+--------------------+-----+

-------------------------------------------
Batch: 144
-------------------------------------------
+--------------------+-----+
|            customer|score|
+--------------------+-----+
|Angie.Phillips@te...| -0.5|
+--------------------+-----+

-------------------------------------------
Batch: 145
-------------------------------------------
+-------------------+-----+
|           customer|score|
+-------------------+-----+
|Gail.Olson@test.com| -4.0|
+-------------------+-----+

-------------------------------------------
Batch: 146
-------------------------------------------
+--------------------+-----+
|            customer|score|
+--------------------+-----+
|Sarah.Phillips@te...| -3.5|
+--------------------+-----+

-------------------------------------------
Batch: 147
-------------------------------------------
+------------------+-----+
|          customer|score|
+------------------+-----+
|Neeraj.Wu@test.com| -2.0|
+------------------+-----+

-------------------------------------------
Batch: 148
-------------------------------------------
+--------------------+-----+
|            customer|score|
+--------------------+-----+
|Bobby.Spencer@tes...|  3.0|
+--------------------+-----+

-------------------------------------------
Batch: 149
-------------------------------------------
+--------------------+-----+
|            customer|score|
+--------------------+-----+
|Jason.Anandh@test...|-38.0|
+--------------------+-----+

-------------------------------------------
Batch: 150
-------------------------------------------
+------------------+-----+
|          customer|score|
+------------------+-----+
|Sean.Huey@test.com|-13.5|
+------------------+-----+

-------------------------------------------
Batch: 151
-------------------------------------------
+--------------------+-----+
|            customer|score|
+--------------------+-----+
|Sean.Howard@test.com| 29.5|
+--------------------+-----+

-------------------------------------------
Batch: 152
-------------------------------------------
+--------------------+-----+
|            customer|score|
+--------------------+-----+
|Neeraj.Aristotle@...| -3.0|
+--------------------+-----+

-------------------------------------------
Batch: 153
-------------------------------------------
+--------------------+-----+
|            customer|score|
+--------------------+-----+
|Senthil.Aristotle...|  6.5|
+--------------------+-----+

-------------------------------------------
Batch: 154
-------------------------------------------
+-------------------+-----+
|           customer|score|
+-------------------+-----+
|Gail.Smith@test.com| -4.5|
+-------------------+-----+

-------------------------------------------
Batch: 155
-------------------------------------------
+--------------------+-----+
|            customer|score|
+--------------------+-----+
|Ben.Clayton@test.com|-14.5|
+--------------------+-----+

-------------------------------------------
Batch: 156
-------------------------------------------
+--------------------+-----+
|            customer|score|
+--------------------+-----+
|Jerry.Khatib@test...| -8.5|
+--------------------+-----+

-------------------------------------------
Batch: 157
-------------------------------------------
+--------------------+-----+
|            customer|score|
+--------------------+-----+
|Santosh.Jones@tes...|-25.5|
+--------------------+-----+

-------------------------------------------
Batch: 158
-------------------------------------------
+--------------------+-----+
|            customer|score|
+--------------------+-----+
|Sarah.Abram@test.com| 12.5|
+--------------------+-----+

-------------------------------------------
Batch: 159
-------------------------------------------
+------------------+-----+
|          customer|score|
+------------------+-----+
|Lyn.Jones@test.com| -2.0|
+------------------+-----+

-------------------------------------------
Batch: 160
-------------------------------------------
+--------------------+-----+
|            customer|score|
+--------------------+-----+
|Ashley.Anandh@tes...|-17.0|
+--------------------+-----+

-------------------------------------------
Batch: 161
-------------------------------------------
+--------------------+-----+
|            customer|score|
+--------------------+-----+
|Ashley.Anderson@t...| -1.5|
+--------------------+-----+

-------------------------------------------
Batch: 162
-------------------------------------------
+--------------------+-----+
|            customer|score|
+--------------------+-----+
|Senthil.Gonzalez@...| -1.5|
+--------------------+-----+

-------------------------------------------
Batch: 163
-------------------------------------------
+--------------------+-----+
|            customer|score|
+--------------------+-----+
|Jacob.Davis@test.com| -1.0|
+--------------------+-----+

-------------------------------------------
Batch: 164
-------------------------------------------
+--------------------+-----+
|            customer|score|
+--------------------+-----+
|Jason.Aristotle@t...| -1.5|
+--------------------+-----+

-------------------------------------------
Batch: 165
-------------------------------------------
+--------------------+-----+
|            customer|score|
+--------------------+-----+
|Jacob.Mitra@test.com| -6.0|
+--------------------+-----+

-------------------------------------------
Batch: 166
-------------------------------------------
+--------------------+-----+
|            customer|score|
+--------------------+-----+
|Angie.Phillips@te...| -0.5|
+--------------------+-----+

-------------------------------------------
Batch: 167
-------------------------------------------
+-------------------+-----+
|           customer|score|
+-------------------+-----+
|Gail.Olson@test.com| -4.0|
+-------------------+-----+

-------------------------------------------
Batch: 168
-------------------------------------------
+--------------------+-----+
|            customer|score|
+--------------------+-----+
|Sarah.Phillips@te...| -2.0|
+--------------------+-----+

-------------------------------------------
Batch: 169
-------------------------------------------
+------------------+-----+
|          customer|score|
+------------------+-----+
|Neeraj.Wu@test.com| -1.0|
+------------------+-----+

-------------------------------------------
Batch: 170
-------------------------------------------
+--------------------+-----+
|            customer|score|
+--------------------+-----+
|Bobby.Spencer@tes...|-10.0|
+--------------------+-----+

-------------------------------------------
Batch: 171
-------------------------------------------
+--------------------+-----+
|            customer|score|
+--------------------+-----+
|Jason.Anandh@test...|  3.5|
+--------------------+-----+

-------------------------------------------
Batch: 172
-------------------------------------------
+------------------+-----+
|          customer|score|
+------------------+-----+
|Sean.Huey@test.com| -3.0|
+------------------+-----+

-------------------------------------------
Batch: 173
-------------------------------------------
+--------------------+-----+
|            customer|score|
+--------------------+-----+
|Sean.Howard@test.com| 20.0|
+--------------------+-----+

-------------------------------------------
Batch: 174
-------------------------------------------
+--------------------+-----+
|            customer|score|
+--------------------+-----+
|Neeraj.Aristotle@...| 15.0|
+--------------------+-----+

-------------------------------------------
Batch: 175
-------------------------------------------
+--------------------+-----+
|            customer|score|
+--------------------+-----+
|Senthil.Aristotle...| -8.5|
+--------------------+-----+

-------------------------------------------
Batch: 176
-------------------------------------------
+-------------------+-----+
|           customer|score|
+-------------------+-----+
|Gail.Smith@test.com| 10.0|
+-------------------+-----+

-------------------------------------------
Batch: 177
-------------------------------------------
+--------------------+-----+
|            customer|score|
+--------------------+-----+
|Ben.Clayton@test.com|-19.0|
+--------------------+-----+

-------------------------------------------
Batch: 178
-------------------------------------------
+--------------------+-----+
|            customer|score|
+--------------------+-----+
|Jerry.Khatib@test...|  3.0|
+--------------------+-----+

-------------------------------------------
Batch: 179
-------------------------------------------
+--------------------+-----+
|            customer|score|
+--------------------+-----+
|Santosh.Jones@tes...|-24.5|
+--------------------+-----+

-------------------------------------------
Batch: 180
-------------------------------------------
+--------------------+-----+
|            customer|score|
+--------------------+-----+
|Sarah.Abram@test.com| -4.5|
+--------------------+-----+

-------------------------------------------
Batch: 181
-------------------------------------------
+------------------+-----+
|          customer|score|
+------------------+-----+
|Lyn.Jones@test.com|-13.0|
+------------------+-----+

-------------------------------------------
Batch: 182
-------------------------------------------
+--------------------+-----+
|            customer|score|
+--------------------+-----+
|Ashley.Anandh@tes...| 25.0|
+--------------------+-----+

-------------------------------------------
Batch: 183
-------------------------------------------
+--------------------+-----+
|            customer|score|
+--------------------+-----+
|Ashley.Anderson@t...| -2.5|
+--------------------+-----+

-------------------------------------------
Batch: 184
-------------------------------------------
+--------------------+-----+
|            customer|score|
+--------------------+-----+
|Senthil.Gonzalez@...| -1.0|
+--------------------+-----+

-------------------------------------------
Batch: 185
-------------------------------------------
+--------------------+-----+
|            customer|score|
+--------------------+-----+
|Jacob.Davis@test.com| -1.5|
+--------------------+-----+

-------------------------------------------
Batch: 186
-------------------------------------------
+--------------------+-----+
|            customer|score|
+--------------------+-----+
|Jason.Aristotle@t...| -1.5|
+--------------------+-----+

-------------------------------------------
Batch: 187
-------------------------------------------
+--------------------+-----+
|            customer|score|
+--------------------+-----+
|Jacob.Mitra@test.com| -6.0|
+--------------------+-----+

-------------------------------------------
Batch: 188
-------------------------------------------
+--------------------+-----+
|            customer|score|
+--------------------+-----+
|Angie.Phillips@te...| -1.0|
+--------------------+-----+

-------------------------------------------
Batch: 189
-------------------------------------------
+-------------------+-----+
|           customer|score|
+-------------------+-----+
|Gail.Olson@test.com| -1.5|
+-------------------+-----+

-------------------------------------------
Batch: 190
-------------------------------------------
+--------------------+-----+
|            customer|score|
+--------------------+-----+
|Sarah.Phillips@te...| -1.0|
+--------------------+-----+

-------------------------------------------
Batch: 191
-------------------------------------------
+------------------+-----+
|          customer|score|
+------------------+-----+
|Neeraj.Wu@test.com| -1.5|
+------------------+-----+

-------------------------------------------
Batch: 192
-------------------------------------------
+--------------------+-----+
|            customer|score|
+--------------------+-----+
|Bobby.Spencer@tes...|-11.0|
+--------------------+-----+

-------------------------------------------
Batch: 193
-------------------------------------------
+--------------------+-----+
|            customer|score|
+--------------------+-----+
|Jason.Anandh@test...| 38.0|
+--------------------+-----+

-------------------------------------------
Batch: 194
-------------------------------------------
+------------------+-----+
|          customer|score|
+------------------+-----+
|Sean.Huey@test.com| 20.5|
+------------------+-----+

-------------------------------------------
Batch: 195
-------------------------------------------
+--------------------+-----+
|            customer|score|
+--------------------+-----+
|Sean.Howard@test.com|-10.0|
+--------------------+-----+

-------------------------------------------
Batch: 196
-------------------------------------------
+--------------------+-----+
|            customer|score|
+--------------------+-----+
|Neeraj.Aristotle@...|  2.0|
+--------------------+-----+

-------------------------------------------
Batch: 197
-------------------------------------------
+--------------------+-----+
|            customer|score|
+--------------------+-----+
|Senthil.Aristotle...| 19.5|
+--------------------+-----+

-------------------------------------------
Batch: 198
-------------------------------------------
+-------------------+-----+
|           customer|score|
+-------------------+-----+
|Gail.Smith@test.com| -4.0|
+-------------------+-----+

-------------------------------------------
Batch: 199
-------------------------------------------
+--------------------+-----+
|            customer|score|
+--------------------+-----+
|Ben.Clayton@test.com|-13.0|
+--------------------+-----+

-------------------------------------------
Batch: 200
-------------------------------------------
+--------------------+-----+
|            customer|score|
+--------------------+-----+
|Jerry.Khatib@test...| 28.0|
+--------------------+-----+

-------------------------------------------
Batch: 201
-------------------------------------------
+--------------------+-----+
|            customer|score|
+--------------------+-----+
|Santosh.Jones@tes...| 11.0|
+--------------------+-----+

-------------------------------------------
Batch: 202
-------------------------------------------
+--------------------+-----+
|            customer|score|
+--------------------+-----+
|Sarah.Abram@test.com| 15.5|
+--------------------+-----+

-------------------------------------------
Batch: 203
-------------------------------------------
+------------------+-----+
|          customer|score|
+------------------+-----+
|Lyn.Jones@test.com|-10.0|
+------------------+-----+

-------------------------------------------
Batch: 204
-------------------------------------------
+--------------------+-----+
|            customer|score|
+--------------------+-----+
|Ashley.Anandh@tes...| -2.5|
+--------------------+-----+

-------------------------------------------
Batch: 205
-------------------------------------------
+--------------------+-----+
|            customer|score|
+--------------------+-----+
|Ashley.Anderson@t...| -2.5|
+--------------------+-----+

-------------------------------------------
Batch: 206
-------------------------------------------
+--------------------+-----+
|            customer|score|
+--------------------+-----+
|Senthil.Gonzalez@...| -2.5|
+--------------------+-----+

-------------------------------------------
Batch: 207
-------------------------------------------
+--------------------+-----+
|            customer|score|
+--------------------+-----+
|Jacob.Davis@test.com| -2.5|
+--------------------+-----+

-------------------------------------------
Batch: 208
-------------------------------------------
+--------------------+-----+
|            customer|score|
+--------------------+-----+
|Jason.Aristotle@t...| -2.0|
+--------------------+-----+

-------------------------------------------
Batch: 209
-------------------------------------------
+--------------------+-----+
|            customer|score|
+--------------------+-----+
|Jacob.Mitra@test.com| -4.5|
+--------------------+-----+

-------------------------------------------
Batch: 210
-------------------------------------------
+--------------------+-----+
|            customer|score|
+--------------------+-----+
|Angie.Phillips@te...| -1.5|
+--------------------+-----+

-------------------------------------------
Batch: 211
-------------------------------------------
+-------------------+-----+
|           customer|score|
+-------------------+-----+
|Gail.Olson@test.com|  0.0|
+-------------------+-----+

-------------------------------------------
Batch: 212
-------------------------------------------
+--------------------+-----+
|            customer|score|
+--------------------+-----+
|Sarah.Phillips@te...| -1.0|
+--------------------+-----+

-------------------------------------------
Batch: 213
-------------------------------------------
+------------------+-----+
|          customer|score|
+------------------+-----+
|Neeraj.Wu@test.com| -2.0|
+------------------+-----+

-------------------------------------------
Batch: 214
-------------------------------------------
+--------------------+-----+
|            customer|score|
+--------------------+-----+
|Bobby.Spencer@tes...| -5.0|
+--------------------+-----+

-------------------------------------------
Batch: 215
-------------------------------------------
+--------------------+-----+
|            customer|score|
+--------------------+-----+
|Jason.Anandh@test...| 27.5|
+--------------------+-----+

-------------------------------------------
Batch: 216
-------------------------------------------
+------------------+-----+
|          customer|score|
+------------------+-----+
|Sean.Huey@test.com| 20.5|
+------------------+-----+

-------------------------------------------
Batch: 217
-------------------------------------------
+--------------------+-----+
|            customer|score|
+--------------------+-----+
|Sean.Howard@test.com|-20.5|
+--------------------+-----+

-------------------------------------------
Batch: 218
-------------------------------------------
+--------------------+-----+
|            customer|score|
+--------------------+-----+
|Neeraj.Aristotle@...| 25.5|
+--------------------+-----+

-------------------------------------------
Batch: 219
-------------------------------------------
+--------------------+-----+
|            customer|score|
+--------------------+-----+
|Senthil.Aristotle...| 17.5|
+--------------------+-----+

-------------------------------------------
Batch: 220
-------------------------------------------
+-------------------+-----+
|           customer|score|
+-------------------+-----+
|Gail.Smith@test.com|-11.5|
+-------------------+-----+

-------------------------------------------
Batch: 221
-------------------------------------------
+--------------------+-----+
|            customer|score|
+--------------------+-----+
|Ben.Clayton@test.com| 26.5|
+--------------------+-----+

-------------------------------------------
Batch: 222
-------------------------------------------
+--------------------+-----+
|            customer|score|
+--------------------+-----+
|Jerry.Khatib@test...| 19.0|
+--------------------+-----+

-------------------------------------------
Batch: 223
-------------------------------------------
+--------------------+-----+
|            customer|score|
+--------------------+-----+
|Santosh.Jones@tes...|  9.5|
+--------------------+-----+

-------------------------------------------
Batch: 224
-------------------------------------------
+--------------------+-----+
|            customer|score|
+--------------------+-----+
|Sarah.Abram@test.com| 12.5|
+--------------------+-----+

-------------------------------------------
Batch: 225
-------------------------------------------
+------------------+-----+
|          customer|score|
+------------------+-----+
|Lyn.Jones@test.com| 11.5|
+------------------+-----+

-------------------------------------------
Batch: 226
-------------------------------------------
+--------------------+-----+
|            customer|score|
+--------------------+-----+
|Ashley.Anandh@tes...|-16.0|
+--------------------+-----+

-------------------------------------------
Batch: 227
-------------------------------------------
+--------------------+-----+
|            customer|score|
+--------------------+-----+
|Ashley.Anderson@t...| -2.0|
+--------------------+-----+

-------------------------------------------
Batch: 228
-------------------------------------------
+--------------------+-----+
|            customer|score|
+--------------------+-----+
|Senthil.Gonzalez@...| -2.5|
+--------------------+-----+

-------------------------------------------
Batch: 229
-------------------------------------------
+--------------------+-----+
|            customer|score|
+--------------------+-----+
|Jacob.Davis@test.com| -2.5|
+--------------------+-----+

-------------------------------------------
Batch: 230
-------------------------------------------
+--------------------+-----+
|            customer|score|
+--------------------+-----+
|Jason.Aristotle@t...| -1.0|
+--------------------+-----+

-------------------------------------------
Batch: 231
-------------------------------------------
+--------------------+-----+
|            customer|score|
+--------------------+-----+
|Jacob.Mitra@test.com| -2.5|
+--------------------+-----+

-------------------------------------------
Batch: 232
-------------------------------------------
+--------------------+-----+
|            customer|score|
+--------------------+-----+
|Angie.Phillips@te...| -3.5|
+--------------------+-----+

-------------------------------------------
Batch: 233
-------------------------------------------
+-------------------+-----+
|           customer|score|
+-------------------+-----+
|Gail.Olson@test.com|  0.0|
+-------------------+-----+

-------------------------------------------
Batch: 234
-------------------------------------------
+--------------------+-----+
|            customer|score|
+--------------------+-----+
|Sarah.Phillips@te...| -0.5|
+--------------------+-----+

-------------------------------------------
Batch: 235
-------------------------------------------
+------------------+-----+
|          customer|score|
+------------------+-----+
|Neeraj.Wu@test.com| -2.5|
+------------------+-----+

-------------------------------------------
Batch: 236
-------------------------------------------
+--------------------+-----+
|            customer|score|
+--------------------+-----+
|Bobby.Spencer@tes...|  9.0|
+--------------------+-----+

-------------------------------------------
Batch: 237
-------------------------------------------
+--------------------+-----+
|            customer|score|
+--------------------+-----+
|Jason.Anandh@test...|-16.5|
+--------------------+-----+

-------------------------------------------
Batch: 238
-------------------------------------------
+------------------+-----+
|          customer|score|
+------------------+-----+
|Sean.Huey@test.com| 14.5|
+------------------+-----+

-------------------------------------------
Batch: 239
-------------------------------------------
+--------------------+-----+
|            customer|score|
+--------------------+-----+
|Sean.Howard@test.com|-13.0|
+--------------------+-----+

-------------------------------------------
Batch: 240
-------------------------------------------
+--------------------+-----+
|            customer|score|
+--------------------+-----+
|Neeraj.Aristotle@...| -6.5|
+--------------------+-----+

-------------------------------------------
Batch: 241
-------------------------------------------
+--------------------+-----+
|            customer|score|
+--------------------+-----+
|Senthil.Aristotle...| 26.5|
+--------------------+-----+

-------------------------------------------
Batch: 242
-------------------------------------------
+-------------------+-----+
|           customer|score|
+-------------------+-----+
|Gail.Smith@test.com|-11.5|
+-------------------+-----+

-------------------------------------------
Batch: 243
-------------------------------------------
+--------------------+-----+
|            customer|score|
+--------------------+-----+
|Ben.Clayton@test.com| 31.5|
+--------------------+-----+

-------------------------------------------
Batch: 244
-------------------------------------------
+--------------------+-----+
|            customer|score|
+--------------------+-----+
|Jerry.Khatib@test...| -1.0|
+--------------------+-----+

-------------------------------------------
Batch: 245
-------------------------------------------
+--------------------+-----+
|            customer|score|
+--------------------+-----+
|Santosh.Jones@tes...| -0.5|
+--------------------+-----+

-------------------------------------------
Batch: 246
-------------------------------------------
+--------------------+-----+
|            customer|score|
+--------------------+-----+
|Sarah.Abram@test.com| -7.5|
+--------------------+-----+

-------------------------------------------
Batch: 247
-------------------------------------------
+------------------+-----+
|          customer|score|
+------------------+-----+
|Lyn.Jones@test.com| 18.5|
+------------------+-----+

-------------------------------------------
Batch: 248
-------------------------------------------
+--------------------+-----+
|            customer|score|
+--------------------+-----+
|Ashley.Anandh@tes...|  7.0|
+--------------------+-----+

-------------------------------------------
Batch: 249
-------------------------------------------
+--------------------+-----+
|            customer|score|
+--------------------+-----+
|Ashley.Anderson@t...| -2.5|
+--------------------+-----+

-------------------------------------------
Batch: 250
-------------------------------------------
+--------------------+-----+
|            customer|score|
+--------------------+-----+
|Senthil.Gonzalez@...| -3.0|
+--------------------+-----+

-------------------------------------------
Batch: 251
-------------------------------------------
+--------------------+-----+
|            customer|score|
+--------------------+-----+
|Jacob.Davis@test.com| -2.5|
+--------------------+-----+

-------------------------------------------
Batch: 252
-------------------------------------------
+--------------------+-----+
|            customer|score|
+--------------------+-----+
|Jason.Aristotle@t...| -0.5|
+--------------------+-----+

-------------------------------------------
Batch: 253
-------------------------------------------
+--------------------+-----+
|            customer|score|
+--------------------+-----+
|Jacob.Mitra@test.com| -3.0|
+--------------------+-----+

-------------------------------------------
Batch: 254
-------------------------------------------
+--------------------+-----+
|            customer|score|
+--------------------+-----+
|Angie.Phillips@te...| -4.5|
+--------------------+-----+

-------------------------------------------
Batch: 255
-------------------------------------------
+-------------------+-----+
|           customer|score|
+-------------------+-----+
|Gail.Olson@test.com| -1.5|
+-------------------+-----+

-------------------------------------------
Batch: 256
-------------------------------------------
+--------------------+-----+
|            customer|score|
+--------------------+-----+
|Sarah.Phillips@te...| -1.0|
+--------------------+-----+

-------------------------------------------
Batch: 257
-------------------------------------------
+------------------+-----+
|          customer|score|
+------------------+-----+
|Neeraj.Wu@test.com| -4.0|
+------------------+-----+

-------------------------------------------
Batch: 258
-------------------------------------------
+--------------------+-----+
|            customer|score|
+--------------------+-----+
|Bobby.Spencer@tes...|  1.5|
+--------------------+-----+

-------------------------------------------
Batch: 259
-------------------------------------------
+--------------------+-----+
|            customer|score|
+--------------------+-----+
|Jason.Anandh@test...|  3.0|
+--------------------+-----+

-------------------------------------------
Batch: 260
-------------------------------------------
+------------------+-----+
|          customer|score|
+------------------+-----+
|Sean.Huey@test.com| -2.5|
+------------------+-----+

-------------------------------------------
Batch: 261
-------------------------------------------
+--------------------+-----+
|            customer|score|
+--------------------+-----+
|Sean.Howard@test.com|-10.5|
+--------------------+-----+

-------------------------------------------
Batch: 262
-------------------------------------------
+--------------------+-----+
|            customer|score|
+--------------------+-----+
|Neeraj.Aristotle@...|-12.5|
+--------------------+-----+

-------------------------------------------
Batch: 263
-------------------------------------------
+--------------------+-----+
|            customer|score|
+--------------------+-----+
|Senthil.Aristotle...|-17.0|
+--------------------+-----+

-------------------------------------------
Batch: 264
-------------------------------------------
+-------------------+-----+
|           customer|score|
+-------------------+-----+
|Gail.Smith@test.com| 11.5|
+-------------------+-----+

-------------------------------------------
Batch: 265
-------------------------------------------
+--------------------+-----+
|            customer|score|
+--------------------+-----+
|Ben.Clayton@test.com|  6.5|
+--------------------+-----+

-------------------------------------------
Batch: 266
-------------------------------------------
+--------------------+-----+
|            customer|score|
+--------------------+-----+
|Jerry.Khatib@test...| -8.0|
+--------------------+-----+

-------------------------------------------
Batch: 267
-------------------------------------------
+--------------------+-----+
|            customer|score|
+--------------------+-----+
|Santosh.Jones@tes...| -3.0|
+--------------------+-----+

-------------------------------------------
Batch: 268
-------------------------------------------
+--------------------+-----+
|            customer|score|
+--------------------+-----+
|Sarah.Abram@test.com| 12.5|
+--------------------+-----+

-------------------------------------------
Batch: 269
-------------------------------------------
+------------------+-----+
|          customer|score|
+------------------+-----+
|Lyn.Jones@test.com| -1.0|
+------------------+-----+

-------------------------------------------
Batch: 270
-------------------------------------------
+--------------------+-----+
|            customer|score|
+--------------------+-----+
|Ashley.Anandh@tes...| -9.5|
+--------------------+-----+

-------------------------------------------
Batch: 271
-------------------------------------------
+--------------------+-----+
|            customer|score|
+--------------------+-----+
|Ashley.Anderson@t...| -3.5|
+--------------------+-----+

-------------------------------------------
Batch: 272
-------------------------------------------
+--------------------+-----+
|            customer|score|
+--------------------+-----+
|Senthil.Gonzalez@...| -3.5|
+--------------------+-----+

-------------------------------------------
Batch: 273
-------------------------------------------
+--------------------+-----+
|            customer|score|
+--------------------+-----+
|Jacob.Davis@test.com| -3.0|
+--------------------+-----+

-------------------------------------------
Batch: 274
-------------------------------------------
+--------------------+-----+
|            customer|score|
+--------------------+-----+
|Jason.Aristotle@t...| -1.0|
+--------------------+-----+

-------------------------------------------
Batch: 275
-------------------------------------------
+--------------------+-----+
|            customer|score|
+--------------------+-----+
|Jacob.Mitra@test.com| -3.5|
+--------------------+-----+

-------------------------------------------
Batch: 276
-------------------------------------------
+--------------------+-----+
|            customer|score|
+--------------------+-----+
|Angie.Phillips@te...| -3.0|
+--------------------+-----+

-------------------------------------------
Batch: 277
-------------------------------------------
+-------------------+-----+
|           customer|score|
+-------------------+-----+
|Gail.Olson@test.com| -4.5|
+-------------------+-----+

-------------------------------------------
Batch: 278
-------------------------------------------
+--------------------+-----+
|            customer|score|
+--------------------+-----+
|Sarah.Phillips@te...| -3.0|
+--------------------+-----+

-------------------------------------------
Batch: 279
-------------------------------------------
+------------------+-----+
|          customer|score|
+------------------+-----+
|Neeraj.Wu@test.com| -5.0|
+------------------+-----+

-------------------------------------------
Batch: 280
-------------------------------------------
+--------------------+-----+
|            customer|score|
+--------------------+-----+
|Bobby.Spencer@tes...| -5.5|
+--------------------+-----+

-------------------------------------------
Batch: 281
-------------------------------------------
+--------------------+-----+
|            customer|score|
+--------------------+-----+
|Jason.Anandh@test...|-19.5|
+--------------------+-----+

-------------------------------------------
Batch: 282
-------------------------------------------
+------------------+-----+
|          customer|score|
+------------------+-----+
|Sean.Huey@test.com| -8.0|
+------------------+-----+

-------------------------------------------
Batch: 283
-------------------------------------------
+--------------------+-----+
|            customer|score|
+--------------------+-----+
|Sean.Howard@test.com|  9.0|
+--------------------+-----+

-------------------------------------------
Batch: 284
-------------------------------------------
+--------------------+-----+
|            customer|score|
+--------------------+-----+
|Neeraj.Aristotle@...|  0.0|
+--------------------+-----+

-------------------------------------------
Batch: 285
-------------------------------------------
+--------------------+-----+
|            customer|score|
+--------------------+-----+
|Senthil.Aristotle...|-36.5|
+--------------------+-----+

-------------------------------------------
Batch: 286
-------------------------------------------
+-------------------+-----+
|           customer|score|
+-------------------+-----+
|Gail.Smith@test.com| 27.0|
+-------------------+-----+

-------------------------------------------
Batch: 287
-------------------------------------------
+--------------------+-----+
|            customer|score|
+--------------------+-----+
|Ben.Clayton@test.com|  0.0|
+--------------------+-----+

-------------------------------------------
Batch: 288
-------------------------------------------
+--------------------+-----+
|            customer|score|
+--------------------+-----+
|Jerry.Khatib@test...|-11.5|
+--------------------+-----+

-------------------------------------------
Batch: 289
-------------------------------------------
+--------------------+-----+
|            customer|score|
+--------------------+-----+
|Santosh.Jones@tes...|-16.0|
+--------------------+-----+

-------------------------------------------
Batch: 290
-------------------------------------------
+--------------------+-----+
|            customer|score|
+--------------------+-----+
|Sarah.Abram@test.com| -2.0|
+--------------------+-----+

-------------------------------------------
Batch: 291
-------------------------------------------
+------------------+-----+
|          customer|score|
+------------------+-----+
|Lyn.Jones@test.com|-12.0|
+------------------+-----+

-------------------------------------------
Batch: 292
-------------------------------------------
+--------------------+-----+
|            customer|score|
+--------------------+-----+
|Ashley.Anandh@tes...|-13.5|
+--------------------+-----+

