Spark Command: /usr/lib/jvm/java-8-openjdk-amd64/jre/bin/java -cp /opt/spark-2.3.4-bin-hadoop2.7/conf/:/opt/spark-2.3.4-bin-hadoop2.7/jars/* -Xmx1g org.apache.spark.deploy.master.Master --host 0814b5f63a3c --port 7077 --webui-port 8080
========================================
2021-08-18 06:00:43 INFO  Master:2612 - Started daemon with process name: 1586@0814b5f63a3c
2021-08-18 06:00:43 INFO  SignalUtils:54 - Registered signal handler for TERM
2021-08-18 06:00:43 INFO  SignalUtils:54 - Registered signal handler for HUP
2021-08-18 06:00:43 INFO  SignalUtils:54 - Registered signal handler for INT
2021-08-18 06:00:45 WARN  NativeCodeLoader:62 - Unable to load native-hadoop library for your platform... using builtin-java classes where applicable
2021-08-18 06:00:45 INFO  SecurityManager:54 - Changing view acls to: root
2021-08-18 06:00:45 INFO  SecurityManager:54 - Changing modify acls to: root
2021-08-18 06:00:45 INFO  SecurityManager:54 - Changing view acls groups to: 
2021-08-18 06:00:45 INFO  SecurityManager:54 - Changing modify acls groups to: 
2021-08-18 06:00:45 INFO  SecurityManager:54 - SecurityManager: authentication disabled; ui acls disabled; users  with view permissions: Set(root); groups with view permissions: Set(); users  with modify permissions: Set(root); groups with modify permissions: Set()
2021-08-18 06:00:47 INFO  Utils:54 - Successfully started service 'sparkMaster' on port 7077.
2021-08-18 06:00:47 INFO  Master:54 - Starting Spark master at spark://0814b5f63a3c:7077
2021-08-18 06:00:47 INFO  Master:54 - Running Spark version 2.3.4
2021-08-18 06:00:47 INFO  log:192 - Logging initialized @7859ms
2021-08-18 06:00:48 INFO  Server:351 - jetty-9.3.z-SNAPSHOT, build timestamp: unknown, git hash: unknown
2021-08-18 06:00:48 INFO  Server:419 - Started @8205ms
2021-08-18 06:00:48 INFO  AbstractConnector:278 - Started ServerConnector@61174894{HTTP/1.1,[http/1.1]}{0.0.0.0:8080}
2021-08-18 06:00:48 INFO  Utils:54 - Successfully started service 'MasterUI' on port 8080.
2021-08-18 06:00:48 INFO  ContextHandler:781 - Started o.s.j.s.ServletContextHandler@332194d3{/app,null,AVAILABLE,@Spark}
2021-08-18 06:00:48 INFO  ContextHandler:781 - Started o.s.j.s.ServletContextHandler@229ed86a{/app/json,null,AVAILABLE,@Spark}
2021-08-18 06:00:48 INFO  ContextHandler:781 - Started o.s.j.s.ServletContextHandler@6fb852ec{/,null,AVAILABLE,@Spark}
2021-08-18 06:00:48 INFO  ContextHandler:781 - Started o.s.j.s.ServletContextHandler@649e4d0{/json,null,AVAILABLE,@Spark}
2021-08-18 06:00:48 INFO  ContextHandler:781 - Started o.s.j.s.ServletContextHandler@524031fb{/static,null,AVAILABLE,@Spark}
2021-08-18 06:00:48 INFO  ContextHandler:781 - Started o.s.j.s.ServletContextHandler@5e31fb49{/app/kill,null,AVAILABLE,@Spark}
2021-08-18 06:00:48 INFO  ContextHandler:781 - Started o.s.j.s.ServletContextHandler@1cc6683b{/driver/kill,null,AVAILABLE,@Spark}
2021-08-18 06:00:48 INFO  MasterWebUI:54 - Bound MasterWebUI to 0.0.0.0, and started at http://0814b5f63a3c:8080
2021-08-18 06:00:48 INFO  Server:351 - jetty-9.3.z-SNAPSHOT, build timestamp: unknown, git hash: unknown
2021-08-18 06:00:48 INFO  ContextHandler:781 - Started o.s.j.s.ServletContextHandler@1da920e8{/,null,AVAILABLE}
2021-08-18 06:00:48 INFO  AbstractConnector:278 - Started ServerConnector@3ba0bd4e{HTTP/1.1,[http/1.1]}{0814b5f63a3c:6066}
2021-08-18 06:00:48 INFO  Server:419 - Started @8810ms
2021-08-18 06:00:48 INFO  Utils:54 - Successfully started service on port 6066.
2021-08-18 06:00:48 INFO  StandaloneRestServer:54 - Started REST server for submitting applications on port 6066
2021-08-18 06:00:49 INFO  ContextHandler:781 - Started o.s.j.s.ServletContextHandler@3f326de2{/metrics/master/json,null,AVAILABLE,@Spark}
2021-08-18 06:00:49 INFO  ContextHandler:781 - Started o.s.j.s.ServletContextHandler@6f07b589{/metrics/applications/json,null,AVAILABLE,@Spark}
2021-08-18 06:00:49 INFO  Master:54 - I have been elected leader! New state: ALIVE
